C251 COMPILER V5.60.0,  STC32G_LCM_Isr                                                     25/01/24  22:28:45  PAGE 1   


C251 COMPILER V5.60.0, COMPILATION OF MODULE STC32G_LCM_Isr
OBJECT MODULE PLACED IN .\Objects\STC32G_LCM_Isr.obj
COMPILER INVOKED BY: G:\KEIL_CORE\C251\BIN\C251.EXE ..\driver\isr\STC32G_LCM_Isr.c XSMALL INTR2 BROWSE INCDIR(..\driver\
                    -include;..\peripheral\header;..\user\include) DEBUG PRINT(.\Listings\STC32G_LCM_Isr.lst) OBJECT(.\Objects\STC32G_LCM_Isr
                    -.obj) 

stmt  level    source

    1          /*---------------------------------------------------------------------*/
    2          /* --- STC MCU Limited ------------------------------------------------*/
    3          /* --- STC 1T Series MCU Demo Programme -------------------------------*/
    4          /* --- Mobile: (86)13922805190 ----------------------------------------*/
    5          /* --- Fax: 86-0513-55012956,55012947,55012969 ------------------------*/
    6          /* --- Tel: 86-0513-55012928,55012929,55012966 ------------------------*/
    7          /* --- Web: www.STCMCU.com --------------------------------------------*/
    8          /* --- Web: www.STCMCUDATA.com  ---------------------------------------*/
    9          /* --- QQ:  800003751 -------------------------------------------------*/
   10          /* 如果要在程序中使用此代码,请在程序中注明使用了STC的资料及程序            */
   11          /*---------------------------------------------------------------------*/
   12          
   13          #include "STC32G_LCM.h"
   14          
   15          bit LcmFlag;
   16          
   17          //========================================================================
   18          // 函数: LCM_ISR_Handler
   19          // 描述: LCM 中断函数.
   20          // 参数: none.
   21          // 返回: none.
   22          // 版本: V1.0, 2022-03-23
   23          //========================================================================
   24          void LCM_ISR_Handler (void) interrupt LCM_VECTOR
   25          {
   26   1              // TODO: 在此处添加用户代码
   27   1              if(LCMIFSTA & 0x01)
   28   1              {
   29   2                      LCMIFSTA = 0x00;
   30   2                      LcmFlag = 0;
   31   2              }
   32   1      }
   33          
   34          


Module Information          Static   Overlayable
------------------------------------------------
  code size            =        36     ------
  ecode size           =    ------     ------
  data size            =    ------     ------
  idata size           =    ------     ------
  pdata size           =    ------     ------
  xdata size           =    ------     ------
  xdata-const size     =    ------     ------
  edata size           =    ------     ------
  bit size             =         1     ------
  ebit size            =    ------     ------
  bitaddressable size  =    ------     ------
  ebitaddressable size =    ------     ------
  far data size        =    ------     ------
  huge data size       =    ------     ------
  const size           =    ------     ------
  hconst size          =    ------     ------
End of Module Information.


C251 COMPILATION COMPLETE.  0 WARNING(S),  0 ERROR(S)
