C251 COMPILER V5.60.0,  STC32G_Exti                                                        27/01/24  11:12:01  PAGE 1   


C251 COMPILER V5.60.0, COMPILATION OF MODULE STC32G_Exti
OBJECT MODULE PLACED IN .\List\STC32G_Exti.obj
COMPILER INVOKED BY: G:\KEIL_CORE\C251\BIN\C251.EXE ..\driver\src\STC32G_Exti.c XSMALL INTR2 BROWSE INCDIR(..\driver\inc
                    -lude;..\peripheral\header;..\user\include) DEBUG PRINT(.\List\STC32G_Exti.lst) OBJECT(.\List\STC32G_Exti.obj) 

stmt  level    source

    1          /*---------------------------------------------------------------------*/
    2          /* --- STC MCU Limited ------------------------------------------------*/
    3          /* --- STC 1T Series MCU Demo Programme -------------------------------*/
    4          /* --- Mobile: (86)13922805190 ----------------------------------------*/
    5          /* --- Fax: 86-0513-55012956,55012947,55012969 ------------------------*/
    6          /* --- Tel: 86-0513-55012928,55012929,55012966 ------------------------*/
    7          /* --- Web: www.STCMCU.com --------------------------------------------*/
    8          /* --- Web: www.STCMCUDATA.com  ---------------------------------------*/
    9          /* --- QQ:  800003751 -------------------------------------------------*/
   10          /* 如果要在程序中使用此代码,请在程序中注明使用了STC的资料及程序            */
   11          /*---------------------------------------------------------------------*/
   12          
   13          #include        "STC32G_Exti.h"
   14          
   15          //========================================================================
   16          // 函数: u8     Ext_Inilize(u8 EXT, EXTI_InitTypeDef *INTx)
   17          // 描述: 外部中断初始化程序.
   18          // 参数: EXT: 外部中断号, INTx: 结构参数,请参考Exti.h里的定义.
   19          // 返回: 成功返回 SUCCESS, 错误返回 FAIL.
   20          // 版本: V1.0, 2012-10-22
   21          //========================================================================
   22          u8      Ext_Inilize(u8 EXT, EXTI_InitTypeDef *INTx)
   23          {
   24   1              if(EXT >  EXT_INT1)     return FAIL;    //空操作
   25   1              
   26   1              if(EXT == EXT_INT0)     //外中断0
   27   1              {
   28   2                      IE0  = 0;                                       //外中断0标志位
   29   2                      INT0_Mode(INTx->EXTI_Mode);
   30   2                      return SUCCESS;         //成功
   31   2              }
   32   1      
   33   1              if(EXT == EXT_INT1)     //外中断1
   34   1              {
   35   2                      IE1  = 0;                                       //外中断1标志位
   36   2                      INT1_Mode(INTx->EXTI_Mode);
   37   2                      return SUCCESS;         //成功
   38   2              }
   39   1              return FAIL;    //失败
   40   1      }


Module Information          Static   Overlayable
------------------------------------------------
  code size            =        51     ------
  ecode size           =    ------     ------
  data size            =    ------     ------
  idata size           =    ------     ------
  pdata size           =    ------     ------
  xdata size           =    ------     ------
  xdata-const size     =    ------     ------
  edata size           =    ------     ------
  bit size             =    ------     ------
  ebit size            =    ------     ------
  bitaddressable size  =    ------     ------
  ebitaddressable size =    ------     ------
  far data size        =    ------     ------
  huge data size       =    ------     ------
  const size           =    ------     ------
C251 COMPILER V5.60.0,  STC32G_Exti                                                        27/01/24  11:12:01  PAGE 2   

  hconst size          =    ------     ------
End of Module Information.


C251 COMPILATION COMPLETE.  0 WARNING(S),  0 ERROR(S)
