C251 COMPILER V5.60.0,  STC32G_Timer_Isr                                                   25/01/24  22:28:45  PAGE 1   


C251 COMPILER V5.60.0, COMPILATION OF MODULE STC32G_Timer_Isr
OBJECT MODULE PLACED IN .\Objects\STC32G_Timer_Isr.obj
COMPILER INVOKED BY: G:\KEIL_CORE\C251\BIN\C251.EXE ..\driver\isr\STC32G_Timer_Isr.c XSMALL INTR2 BROWSE INCDIR(..\drive
                    -r\include;..\peripheral\header;..\user\include) DEBUG PRINT(.\Listings\STC32G_Timer_Isr.lst) OBJECT(.\Objects\STC32G_Tim
                    -er_Isr.obj) 

stmt  level    source

    1          /*---------------------------------------------------------------------*/
    2          /* --- STC MCU Limited ------------------------------------------------*/
    3          /* --- STC 1T Series MCU Demo Programme -------------------------------*/
    4          /* --- Mobile: (86)13922805190 ----------------------------------------*/
    5          /* --- Fax: 86-0513-55012956,55012947,55012969 ------------------------*/
    6          /* --- Tel: 86-0513-55012928,55012929,55012966 ------------------------*/
    7          /* --- Web: www.STCMCU.com --------------------------------------------*/
    8          /* --- Web: www.STCMCUDATA.com  ---------------------------------------*/
    9          /* --- QQ:  800003751 -------------------------------------------------*/
   10          /* 如果要在程序中使用此代码,请在程序中注明使用了STC的资料及程序            */
   11          /*---------------------------------------------------------------------*/
   12          
   13          #include        "STC32G_Timer.h"
   14          //#include      "Task.h"
   15          
   16          //========================================================================
   17          // 函数: Timer0_ISR_Handler
   18          // 描述: Timer0中断函数.
   19          // 参数: none.
   20          // 返回: none.
   21          // 版本: V1.0, 2020-09-23
   22          //========================================================================
   23          void Timer0_ISR_Handler (void) interrupt TMR0_VECTOR            //进中断时已经清除标志
   24          {
   25   1      //  Task_Marks_Handler_Callback();      //任务标记回调函数
   26   1      }
   27          
   28          //========================================================================
   29          // 函数: Timer1_ISR_Handler
   30          // 描述: Timer1中断函数.
   31          // 参数: none.
   32          // 返回: none.
   33          // 版本: V1.0, 2020-09-23
   34          //========================================================================
   35          void Timer1_ISR_Handler (void) interrupt TMR1_VECTOR            //进中断时已经清除标志
   36          {
   37   1              // TODO: 在此处添加用户代码
   38   1              P66 = ~P66;
   39   1      }
   40          
   41          //========================================================================
   42          // 函数: Timer2_ISR_Handler
   43          // 描述: Timer2中断函数.
   44          // 参数: none.
   45          // 返回: none.
   46          // 版本: V1.0, 2020-09-23
   47          //========================================================================
   48          void Timer2_ISR_Handler (void) interrupt TMR2_VECTOR            //进中断时已经清除标志
   49          {
   50   1              // TODO: 在此处添加用户代码
   51   1              P65 = ~P65;
   52   1      }
   53          
   54          //========================================================================
   55          // 函数: Timer3_ISR_Handler
   56          // 描述: Timer3中断函数.
   57          // 参数: none.
C251 COMPILER V5.60.0,  STC32G_Timer_Isr                                                   25/01/24  22:28:45  PAGE 2   

   58          // 返回: none.
   59          // 版本: V1.0, 2020-09-23
   60          //========================================================================
   61          void Timer3_ISR_Handler (void) interrupt TMR3_VECTOR            //进中断时已经清除标志
   62          {
   63   1              // TODO: 在此处添加用户代码
   64   1              P64 = ~P64;
   65   1      }
   66          
   67          //========================================================================
   68          // 函数: Timer4_ISR_Handler
   69          // 描述: Timer4中断函数.
   70          // 参数: none.
   71          // 返回: none.
   72          // 版本: V1.0, 2020-09-23
   73          //========================================================================
   74          void Timer4_ISR_Handler (void) interrupt TMR4_VECTOR            //进中断时已经清除标志
   75          {
   76   1              // TODO: 在此处添加用户代码
   77   1              P63 = ~P63;
   78   1      }


Module Information          Static   Overlayable
------------------------------------------------
  code size            =        44     ------
  ecode size           =    ------     ------
  data size            =    ------     ------
  idata size           =    ------     ------
  pdata size           =    ------     ------
  xdata size           =    ------     ------
  xdata-const size     =    ------     ------
  edata size           =    ------     ------
  bit size             =    ------     ------
  ebit size            =    ------     ------
  bitaddressable size  =    ------     ------
  ebitaddressable size =    ------     ------
  far data size        =    ------     ------
  huge data size       =    ------     ------
  const size           =    ------     ------
  hconst size          =    ------     ------
End of Module Information.


C251 COMPILATION COMPLETE.  0 WARNING(S),  0 ERROR(S)
