C251 COMPILER V5.60.0,  STC32G_Delay                                                       27/01/24  11:12:01  PAGE 1   


C251 COMPILER V5.60.0, COMPILATION OF MODULE STC32G_Delay
OBJECT MODULE PLACED IN .\List\STC32G_Delay.obj
COMPILER INVOKED BY: G:\KEIL_CORE\C251\BIN\C251.EXE ..\driver\src\STC32G_Delay.c XSMALL INTR2 BROWSE INCDIR(..\driver\in
                    -clude;..\peripheral\header;..\user\include) DEBUG PRINT(.\List\STC32G_Delay.lst) OBJECT(.\List\STC32G_Delay.obj) 

stmt  level    source

    1          /*---------------------------------------------------------------------*/
    2          /* --- STC MCU Limited ------------------------------------------------*/
    3          /* --- STC 1T Series MCU Demo Programme -------------------------------*/
    4          /* --- Mobile: (86)13922805190 ----------------------------------------*/
    5          /* --- Fax: 86-0513-55012956,55012947,55012969 ------------------------*/
    6          /* --- Tel: 86-0513-55012928,55012929,55012966 ------------------------*/
    7          /* --- Web: www.STCMCU.com --------------------------------------------*/
    8          /* --- Web: www.STCMCUDATA.com  ---------------------------------------*/
    9          /* --- QQ:  800003751 -------------------------------------------------*/
   10          /* 如果要在程序中使用此代码,请在程序中注明使用了STC的资料及程序        */
   11          /*---------------------------------------------------------------------*/
   12          
   13          #include        "STC32G_Delay.h"
   14          
   15          //========================================================================
   16          // 函数: void delay_ms(unsigned int ms)
   17          // 描述: 延时函数。
   18          // 参数: ms,要延时的ms数, 这里只支持1~65535ms. 自动适应主时钟.
   19          // 返回: none.
   20          // 版本: VER1.0
   21          // 日期: 2021-3-9
   22          // 备注: 
   23          //========================================================================
   24          void delay_ms(unsigned int ms)
   25          {
   26   1              unsigned int i;
   27   1              do{
   28   2                      i = MAIN_Fosc / 6030;
   29   2                      while(--i);
   30   2              }while(--ms);
   31   1      }


Module Information          Static   Overlayable
------------------------------------------------
  code size            =        23     ------
  ecode size           =    ------     ------
  data size            =    ------     ------
  idata size           =    ------     ------
  pdata size           =    ------     ------
  xdata size           =    ------     ------
  xdata-const size     =    ------     ------
  edata size           =    ------     ------
  bit size             =    ------     ------
  ebit size            =    ------     ------
  bitaddressable size  =    ------     ------
  ebitaddressable size =    ------     ------
  far data size        =    ------     ------
  huge data size       =    ------     ------
  const size           =    ------     ------
  hconst size          =    ------     ------
End of Module Information.


C251 COMPILATION COMPLETE.  0 WARNING(S),  0 ERROR(S)
