C251 COMPILER V5.60.0,  STC32G_LIN_Isr                                                     25/01/24  22:28:45  PAGE 1   


C251 COMPILER V5.60.0, COMPILATION OF MODULE STC32G_LIN_Isr
OBJECT MODULE PLACED IN .\Objects\STC32G_LIN_Isr.obj
COMPILER INVOKED BY: G:\KEIL_CORE\C251\BIN\C251.EXE ..\driver\isr\STC32G_LIN_Isr.c XSMALL INTR2 BROWSE INCDIR(..\driver\
                    -include;..\peripheral\header;..\user\include) DEBUG PRINT(.\Listings\STC32G_LIN_Isr.lst) OBJECT(.\Objects\STC32G_LIN_Isr
                    -.obj) 

stmt  level    source

    1          /*---------------------------------------------------------------------*/
    2          /* --- STC MCU Limited ------------------------------------------------*/
    3          /* --- STC 1T Series MCU Demo Programme -------------------------------*/
    4          /* --- Mobile: (86)13922805190 ----------------------------------------*/
    5          /* --- Fax: 86-0513-55012956,55012947,55012969 ------------------------*/
    6          /* --- Tel: 86-0513-55012928,55012929,55012966 ------------------------*/
    7          /* --- Web: www.STCMCU.com --------------------------------------------*/
    8          /* --- Web: www.STCMCUDATA.com  ---------------------------------------*/
    9          /* --- QQ:  800003751 -------------------------------------------------*/
   10          /* 如果要在程序中使用此代码,请在程序中注明使用了STC的资料及程序            */
   11          /*---------------------------------------------------------------------*/
   12          
   13          #include        "STC32G_LIN.h"
   14          
   15          bit LinRxFlag;
   16          
   17          //========================================================================
   18          // 函数: LIN_ISR_Handler
   19          // 描述: LIN中断函数.
   20          // 参数: none.
   21          // 返回: none.
   22          // 版本: V1.0, 2022-03-28
   23          //========================================================================
   24          void LIN_ISR_Handler (void) interrupt LIN_VECTOR
   25          {
   26   1              u8 isr;
   27   1              u8 arTemp;
   28   1              arTemp = LINAR;     //LINAR 现场保存，避免主循环里写完 LINAR 后产生中断，在中断里修改了 LINAR 内容
   29   1              
   30   1              isr = LinReadReg(LSR);          //读取寄存器清除状态标志位
   31   1              if((isr & 0x03) == 0x03)
   32   1              {
   33   2                      isr = LinReadReg(LER);
   34   2                      if(isr == 0x00)         //No Error
   35   2                      {
   36   3                              LinRxFlag = 1;
   37   3                      }
   38   2              }
   39   1              else
   40   1              {
   41   2                      isr = LinReadReg(LER);  //读取清除错误寄存器
   42   2              }
   43   1      
   44   1              LINAR = arTemp;    //LINAR 现场恢复
   45   1      }
   46          
   47          


Module Information          Static   Overlayable
------------------------------------------------
  code size            =        88     ------
  ecode size           =    ------     ------
  data size            =    ------     ------
  idata size           =    ------     ------
  pdata size           =    ------     ------
  xdata size           =    ------     ------
  xdata-const size     =    ------     ------
C251 COMPILER V5.60.0,  STC32G_LIN_Isr                                                     25/01/24  22:28:45  PAGE 2   

  edata size           =    ------     ------
  bit size             =         1     ------
  ebit size            =    ------     ------
  bitaddressable size  =    ------     ------
  ebitaddressable size =    ------     ------
  far data size        =    ------     ------
  huge data size       =    ------     ------
  const size           =    ------     ------
  hconst size          =    ------     ------
End of Module Information.


C251 COMPILATION COMPLETE.  0 WARNING(S),  0 ERROR(S)
